2025-05-03 21:00:44,297 - __main__ - INFO - Starting application
2025-05-03 21:00:44,411 - __main__ - INFO - Database tables created
2025-05-03 21:00:54,188 - __main__ - INFO - Starting application
2025-05-03 21:00:54,233 - __main__ - INFO - Database tables created
2025-05-03 21:04:21,816 - __main__ - INFO - Starting application
2025-05-03 21:04:21,867 - __main__ - INFO - Database tables created
2025-05-03 21:05:07,680 - main - INFO - Starting application
2025-05-03 21:05:07,719 - main - INFO - Database tables created
2025-05-11 21:07:13,961 - main - INFO - Starting application
2025-05-11 21:07:14,028 - main - INFO - Database tables created
2025-05-11 21:10:36,431 - main - INFO - Starting application
2025-05-11 21:10:36,464 - main - INFO - Database tables created
2025-05-11 21:29:00,913 - main - INFO - Starting application
2025-05-11 21:29:00,966 - main - INFO - Database tables created
2025-06-06 21:09:48,787 - __main__ - INFO - Starting application
2025-06-06 21:11:53,400 - __main__ - INFO - Starting application
2025-06-06 21:11:53,545 - __main__ - INFO - Database tables created
2025-07-03 14:34:31,425 - main - INFO - Starting application
2025-07-03 14:41:30,452 - main - INFO - Starting application
2025-07-03 14:41:30,521 - main - INFO - Database tables created
2025-07-03 14:53:29,462 - main - INFO - Starting application
2025-07-03 14:53:29,496 - main - INFO - Database tables created
2025-07-03 14:53:49,514 - main - INFO - Starting application
2025-07-03 14:53:49,549 - main - INFO - Database tables created
2025-07-03 14:57:48,325 - main - INFO - Starting application
2025-07-03 14:57:48,355 - main - INFO - Database tables created
2025-07-03 14:58:52,530 - main - INFO - Starting application
2025-07-03 14:58:52,561 - main - INFO - Database tables created
2025-07-03 14:59:05,780 - main - INFO - Starting application
2025-07-03 14:59:05,812 - main - INFO - Database tables created
2025-07-03 14:59:27,058 - main - INFO - Starting application
2025-07-03 14:59:27,089 - main - INFO - Database tables created
2025-07-03 15:02:53,157 - main - INFO - Starting application
2025-07-03 15:02:53,197 - main - INFO - Database tables created
2025-07-03 15:03:00,167 - main - INFO - Starting application
2025-07-03 15:03:00,199 - main - INFO - Database tables created
2025-07-03 15:03:19,200 - main - INFO - Starting application
2025-07-03 15:03:19,230 - main - INFO - Database tables created
2025-07-03 15:03:26,599 - main - INFO - Starting application
2025-07-03 15:03:26,630 - main - INFO - Database tables created
2025-07-03 15:03:39,967 - main - INFO - Starting application
2025-07-03 15:03:39,999 - main - INFO - Database tables created
2025-07-03 15:04:00,415 - main - INFO - Starting application
2025-07-03 15:04:00,447 - main - INFO - Database tables created
2025-07-03 17:05:35,275 - main - INFO - Starting application
2025-07-03 17:05:35,311 - main - INFO - Database tables created
2025-07-03 17:05:51,421 - main - INFO - Starting application
2025-07-03 17:05:51,454 - main - INFO - Database tables created
2025-07-03 17:10:54,643 - main - INFO - Starting application
2025-07-03 17:10:54,676 - main - INFO - Database tables created
2025-07-03 18:26:32,231 - main - INFO - Starting application
2025-07-03 18:26:32,265 - main - INFO - Database tables created
2025-07-03 18:40:39,515 - main - INFO - Starting application
2025-07-03 18:40:39,545 - main - INFO - Database tables created
2025-07-03 18:42:27,191 - main - INFO - Starting application
2025-07-03 18:42:27,219 - main - INFO - Database tables created
2025-07-03 18:51:01,224 - main - INFO - Starting application
2025-07-03 18:51:01,254 - main - INFO - Database tables created
2025-07-03 19:02:05,906 - main - INFO - Starting application
2025-07-03 19:02:05,937 - main - INFO - Database tables created
2025-07-03 19:02:20,473 - main - INFO - Starting application
2025-07-03 19:02:20,506 - main - INFO - Database tables created
2025-07-03 19:02:29,514 - main - INFO - Starting application
2025-07-03 19:02:29,560 - main - INFO - Database tables created
2025-07-03 19:25:17,519 - main - INFO - Starting application
2025-07-03 19:25:17,554 - main - INFO - Database tables created
2025-07-03 19:25:31,101 - main - INFO - Starting application
2025-07-03 19:25:31,131 - main - INFO - Database tables created
2025-07-03 19:33:19,653 - main - INFO - Starting application
2025-07-03 19:33:19,684 - main - INFO - Database tables created
2025-07-03 19:33:29,819 - main - INFO - Starting application
2025-07-03 19:33:29,850 - main - INFO - Database tables created
2025-07-03 19:39:11,853 - main - INFO - Starting application
2025-07-03 19:39:11,886 - main - INFO - Database tables created
2025-07-03 19:48:22,376 - main - INFO - Starting application
2025-07-03 19:48:22,402 - main - INFO - Database tables created
2025-07-03 20:09:13,202 - main - INFO - Starting application
2025-07-03 20:25:44,077 - main - INFO - Starting application
2025-07-03 20:25:44,131 - main - INFO - Database tables created
2025-07-03 23:46:15,811 - main - INFO - Starting application
2025-07-03 23:46:15,843 - main - INFO - Database tables created
2025-07-03 23:52:37,703 - main - INFO - Starting application
2025-07-03 23:52:37,734 - main - INFO - Database tables created
2025-07-03 23:52:44,626 - main - INFO - Starting application
2025-07-03 23:52:44,660 - main - INFO - Database tables created
2025-07-03 23:52:51,624 - main - INFO - Starting application
2025-07-03 23:52:51,657 - main - INFO - Database tables created
2025-07-04 00:17:53,116 - main - INFO - Starting application
2025-07-04 00:17:53,142 - main - INFO - Database tables created
2025-07-04 00:17:57,681 - main - INFO - Starting application
2025-07-04 00:17:57,713 - main - INFO - Database tables created
2025-07-04 14:21:06,802 - main - INFO - Starting application
2025-07-04 14:21:37,248 - main - INFO - Starting application
2025-07-04 14:21:37,313 - main - INFO - Database tables created
2025-07-04 15:18:54,721 - main - INFO - Starting application
2025-07-04 15:18:54,756 - main - INFO - Database tables created
2025-07-04 15:22:34,848 - main - INFO - Starting application
2025-07-04 15:22:34,884 - main - INFO - Database tables created
2025-07-04 15:40:40,479 - main - INFO - Starting application
2025-07-04 15:40:40,513 - main - INFO - Database tables created
2025-07-04 15:43:41,636 - main - INFO - Starting application
2025-07-04 15:43:41,669 - main - INFO - Database tables created
2025-07-04 15:57:07,265 - main - INFO - Starting application
2025-07-04 15:57:07,299 - main - INFO - Database tables created
2025-07-04 15:57:15,904 - main - INFO - Starting application
2025-07-04 15:57:15,938 - main - INFO - Database tables created
2025-07-04 16:43:44,148 - main - INFO - Starting application
2025-07-04 16:43:44,181 - main - INFO - Database tables created
2025-07-04 16:48:01,105 - main - INFO - Starting application
2025-07-04 16:48:01,137 - main - INFO - Database tables created
2025-07-04 16:48:06,445 - main - INFO - Starting application
2025-07-04 16:48:06,477 - main - INFO - Database tables created
2025-07-04 16:49:32,582 - main - INFO - Starting application
2025-07-04 16:49:32,615 - main - INFO - Database tables created
2025-07-04 16:51:32,730 - main - INFO - Starting application
2025-07-04 16:51:32,763 - main - INFO - Database tables created
2025-07-04 16:52:56,536 - main - INFO - Starting application
2025-07-04 16:52:56,567 - main - INFO - Database tables created
2025-07-04 22:59:56,229 - main - INFO - Starting application
2025-07-04 22:59:56,263 - main - INFO - Database tables created
2025-07-04 23:00:07,880 - main - INFO - Starting application
2025-07-04 23:00:07,919 - main - INFO - Database tables created
2025-07-04 23:00:13,414 - main - INFO - Starting application
2025-07-04 23:00:13,449 - main - INFO - Database tables created
2025-07-04 23:00:23,460 - main - INFO - Starting application
2025-07-04 23:00:23,492 - main - INFO - Database tables created
2025-07-04 23:00:27,743 - main - INFO - Starting application
2025-07-04 23:00:27,774 - main - INFO - Database tables created
2025-07-04 23:00:33,030 - main - INFO - Starting application
2025-07-04 23:00:33,062 - main - INFO - Database tables created
2025-07-04 23:07:17,185 - main - INFO - Starting application
2025-07-04 23:07:17,220 - main - INFO - Database tables created
2025-07-04 23:08:57,736 - main - INFO - Starting application
2025-07-04 23:08:57,771 - main - INFO - Database tables created
2025-07-04 23:09:09,104 - main - INFO - Starting application
2025-07-04 23:09:09,135 - main - INFO - Database tables created
2025-07-04 23:09:18,152 - main - INFO - Starting application
2025-07-04 23:09:18,184 - main - INFO - Database tables created
2025-07-04 23:09:28,790 - main - INFO - Starting application
2025-07-04 23:09:28,821 - main - INFO - Database tables created
2025-07-04 23:09:57,091 - main - INFO - Starting application
2025-07-04 23:09:57,128 - main - INFO - Database tables created
2025-07-04 23:10:02,700 - main - INFO - Starting application
2025-07-04 23:10:02,733 - main - INFO - Database tables created
2025-07-04 23:15:03,776 - main - INFO - Starting application
2025-07-04 23:15:03,809 - main - INFO - Database tables created
2025-07-05 07:54:46,198 - main - INFO - Starting application
2025-07-05 07:54:46,231 - main - INFO - Database tables created
2025-07-05 08:17:55,088 - main - INFO - Starting application
2025-07-05 08:17:55,121 - main - INFO - Database tables created
2025-07-05 08:18:00,365 - main - INFO - Starting application
2025-07-05 08:18:00,398 - main - INFO - Database tables created
2025-07-05 08:18:15,491 - main - INFO - Starting application
2025-07-05 08:18:15,528 - main - INFO - Database tables created
2025-07-05 08:18:26,426 - main - INFO - Starting application
2025-07-05 08:18:26,461 - main - INFO - Database tables created
2025-07-05 08:18:34,532 - main - INFO - Starting application
2025-07-05 08:18:34,563 - main - INFO - Database tables created
2025-07-05 08:18:40,628 - main - INFO - Starting application
2025-07-05 08:18:40,661 - main - INFO - Database tables created
2025-07-05 08:18:50,156 - main - INFO - Starting application
2025-07-05 08:18:50,189 - main - INFO - Database tables created
2025-07-05 08:19:32,030 - main - INFO - Starting application
2025-07-05 08:19:32,062 - main - INFO - Database tables created
2025-07-05 08:19:36,378 - main - INFO - Starting application
2025-07-05 08:19:36,411 - main - INFO - Database tables created
2025-07-05 08:19:40,957 - main - INFO - Starting application
2025-07-05 08:19:40,989 - main - INFO - Database tables created
2025-07-05 08:19:45,931 - main - INFO - Starting application
2025-07-05 08:19:45,961 - main - INFO - Database tables created
2025-07-05 08:19:50,199 - main - INFO - Starting application
2025-07-05 08:19:50,230 - main - INFO - Database tables created
2025-07-05 08:19:55,195 - main - INFO - Starting application
2025-07-05 08:19:55,231 - main - INFO - Database tables created
2025-07-05 08:19:55,240 - main - INFO - Initializing Redis event service
2025-07-05 08:19:55,242 - main - INFO - Redis event service initialized
2025-07-05 08:19:59,388 - main - INFO - Shutting down Redis event service
2025-07-05 08:19:59,388 - main - INFO - Redis event service shut down
2025-07-05 08:19:59,888 - main - INFO - Starting application
2025-07-05 08:19:59,916 - main - INFO - Database tables created
2025-07-05 08:19:59,926 - main - INFO - Initializing Redis event service
2025-07-05 08:19:59,927 - main - INFO - Redis event service initialized
2025-07-05 08:20:03,666 - main - INFO - Shutting down Redis event service
2025-07-05 08:20:03,666 - main - INFO - Redis event service shut down
2025-07-05 08:20:04,153 - main - INFO - Starting application
2025-07-05 08:20:04,186 - main - INFO - Database tables created
2025-07-05 08:20:04,196 - main - INFO - Initializing Redis event service
2025-07-05 08:20:04,197 - main - INFO - Redis event service initialized
2025-07-05 08:20:07,634 - main - INFO - Shutting down Redis event service
2025-07-05 08:20:07,635 - main - INFO - Redis event service shut down
2025-07-05 08:20:08,105 - main - INFO - Starting application
2025-07-05 08:20:08,137 - main - INFO - Database tables created
2025-07-05 08:20:08,146 - main - INFO - Initializing Redis event service
2025-07-05 08:20:08,147 - main - INFO - Redis event service initialized
2025-07-05 08:20:12,996 - main - INFO - Shutting down Redis event service
2025-07-05 08:20:12,996 - main - INFO - Redis event service shut down
2025-07-05 08:20:13,495 - main - INFO - Starting application
2025-07-05 08:20:13,528 - main - INFO - Database tables created
2025-07-05 08:20:13,538 - main - INFO - Initializing Redis event service
2025-07-05 08:20:13,539 - main - INFO - Redis event service initialized
2025-07-05 08:25:40,799 - main - INFO - Shutting down Redis event service
2025-07-05 08:25:40,799 - main - INFO - Redis event service shut down
2025-07-05 08:25:42,035 - main - INFO - Starting application
2025-07-05 08:25:42,067 - main - INFO - Database tables created
2025-07-05 08:25:42,077 - main - INFO - Initializing Redis event service
2025-07-05 08:25:42,078 - main - INFO - Redis event service initialized
2025-07-05 08:26:14,520 - main - INFO - Shutting down Redis event service
2025-07-05 08:26:14,520 - main - INFO - Redis event service shut down
2025-07-05 08:26:51,383 - main - INFO - Starting application
2025-07-05 08:26:51,414 - main - INFO - Database tables created
2025-07-05 08:26:51,424 - main - INFO - Initializing Redis event service
2025-07-05 08:26:51,427 - main - INFO - Redis event service initialized
2025-07-05 08:30:07,760 - main - INFO - Shutting down Redis event service
2025-07-05 08:30:07,779 - main - INFO - Redis event service shut down
